[SETUP] : 95.2425179482 seconds
[ENCRYPT] : 10525 bytes  | 0.00631880760193 seconds
[DECRYPT] : 14410 bytes  | 0.624845027924 seconds
[SETUP] : 27.5930941105 seconds
[ENCRYPT] : 10525 bytes  | 0.00376796722412 seconds
[DECRYPT] : 14410 bytes  | 0.402268886566 seconds
[ENCRYPT] : 10525 bytes  | 0.00345683097839 seconds
[DECRYPT] : 14410 bytes  | 0.400510072708 seconds
[ENCRYPT] : 10525 bytes  | 0.00292992591858 seconds
[DECRYPT] : 14410 bytes  | 0.430710077286 seconds
[ENCRYPT] : 10525 bytes  | 0.00298404693604 seconds
[DECRYPT] : 14410 bytes  | 0.437240839005 seconds
[ENCRYPT] : 10525 bytes  | 0.00365018844604 seconds
[DECRYPT] : 14410 bytes  | 0.428503990173 seconds
[ENCRYPT] : 10525 bytes  | 0.00282907485962 seconds
[DECRYPT] : 14410 bytes  | 0.422586917877 seconds
[DECRYPT] : 0 bytes  | 0.420372962952 seconds
[DECRYPT] : 0 bytes  | 0.43245100975 seconds
[ENCRYPT] : 10525 bytes  | 0.00355505943298 seconds
[ENCRYPT] : 17 bytes  | 0.00236582756042 seconds
[DECRYPT] : 217 bytes  | 0.403434991837 seconds
[SETUP] : 66.555535078 seconds
[ENCRYPT] : 17 bytes  | 0.00354599952698 seconds
[DECRYPT] : 217 bytes  | 0.607586145401 seconds
[SETUP] : 18.2219581604 seconds
[ENCRYPT] : 17 bytes  | 0.00335597991943 seconds
[DECRYPT] : 217 bytes  | 0.606482982635 seconds
[SETUP] : 37.3131790161 seconds
[SETUP] : 64.0242269039 seconds
[SETUP] : 33.1681880951 seconds
[ENCRYPT] : 17 bytes  | 0.00336790084839 seconds
[DECRYPT] : 217 bytes  | 0.420237779617 seconds
[ENCRYPT] : 17 bytes  | 0.00218296051025 seconds
[DECRYPT] : 217 bytes  | 0.402307987213 seconds
[ENCRYPT] : 17 bytes  | 0.00240182876587 seconds
[DECRYPT] : 217 bytes  | 0.408452033997 seconds
[ENCRYPT] : 17 bytes  | 0.0023729801178 seconds
[DECRYPT] : 217 bytes  | 0.405566930771 seconds
[ENCRYPT] : 17 bytes  | 0.00225901603699 seconds
[DECRYPT] : 217 bytes  | 0.421422958374 seconds
[ENCRYPT] : 17 bytes  | 0.00204801559448 seconds
[DECRYPT] : 217 bytes  | 0.404285907745 seconds
[ENCRYPT] : 17 bytes  | 0.00202608108521 seconds
[DECRYPT] : 217 bytes  | 0.397453784943 seconds
[SETUP] : 36.7824311256 seconds
[ENCRYPT] : 17 bytes  | 0.0679869651794 seconds
[DECRYPT] : 217 bytes  | 0.652281045914 seconds
[SETUP] : 196.909485102 seconds
[ENCRYPT] : 17 bytes  | 0.199146986008 seconds
[DECRYPT] : 217 bytes  | 0.673346996307 seconds
[SETUP] : 100.860999823 seconds
[ENCRYPT] : 17 bytes  | 0.021999835968 seconds
[DECRYPT] : 217 bytes  | 2.6740000248 seconds
